0 info it worked if it ends with ok
1 verbose cli [ 'node', '/usr/bin/npm', 'install', '-g', 'git-it@latest' ]
2 info using npm@1.3.6
3 info using node@v0.10.28
4 verbose cache add [ 'git-it@latest', null ]
5 verbose cache add name=undefined spec="git-it@latest" args=["git-it@latest",null]
6 verbose parsed url { protocol: null,
6 verbose parsed url   slashes: null,
6 verbose parsed url   auth: null,
6 verbose parsed url   host: null,
6 verbose parsed url   port: null,
6 verbose parsed url   hostname: null,
6 verbose parsed url   hash: null,
6 verbose parsed url   search: null,
6 verbose parsed url   query: null,
6 verbose parsed url   pathname: 'git-it@latest',
6 verbose parsed url   path: 'git-it@latest',
6 verbose parsed url   href: 'git-it@latest' }
7 verbose cache add name="git-it" spec="latest" args=["git-it","latest"]
8 verbose parsed url { protocol: null,
8 verbose parsed url   slashes: null,
8 verbose parsed url   auth: null,
8 verbose parsed url   host: null,
8 verbose parsed url   port: null,
8 verbose parsed url   hostname: null,
8 verbose parsed url   hash: null,
8 verbose parsed url   search: null,
8 verbose parsed url   query: null,
8 verbose parsed url   pathname: 'latest',
8 verbose parsed url   path: 'latest',
8 verbose parsed url   href: 'latest' }
9 verbose addNamed [ 'git-it', 'latest' ]
10 verbose addNamed [ null, null ]
11 silly lockFile d6a2e791-git-it-latest git-it@latest
12 verbose lock git-it@latest /home/andrewsm/.npm/d6a2e791-git-it-latest.lock
13 info addNameTag [ 'git-it', 'latest' ]
14 verbose url raw git-it
15 verbose url resolving [ 'https://registry.npmjs.org/', './git-it' ]
16 verbose url resolved https://registry.npmjs.org/git-it
17 info trying registry request attempt 1 at 01:51:48
18 http GET https://registry.npmjs.org/git-it
19 http 200 https://registry.npmjs.org/git-it
20 silly registry.get cb [ 200,
20 silly registry.get   { date: 'Sun, 08 Jun 2014 17:51:58 GMT',
20 silly registry.get     server: 'CouchDB/1.5.0 (Erlang OTP/R14B04)',
20 silly registry.get     etag: '"9KKU491GVRVADK73YA78RA70T"',
20 silly registry.get     'content-type': 'application/json',
20 silly registry.get     'cache-control': 'max-age=1',
20 silly registry.get     'content-length': '16069',
20 silly registry.get     'accept-ranges': 'bytes',
20 silly registry.get     via: '1.1 varnish',
20 silly registry.get     age: '1451',
20 silly registry.get     'x-served-by': 'cache-sv60-SJC3',
20 silly registry.get     'x-cache': 'MISS',
20 silly registry.get     'x-cache-hits': '0',
20 silly registry.get     'x-timer': 'S1402249918.632407,VS0,VE111',
20 silly registry.get     vary: 'Accept',
20 silly registry.get     'keep-alive': 'timeout=10, max=50',
20 silly registry.get     connection: 'Keep-Alive' } ]
21 verbose addNamed [ 'git-it', '1.2.2' ]
22 verbose addNamed [ '1.2.2', '1.2.2' ]
23 silly lockFile 02fbf099-git-it-1-2-2 git-it@1.2.2
24 verbose lock git-it@1.2.2 /home/andrewsm/.npm/02fbf099-git-it-1-2-2.lock
25 silly lockFile cf605511-pmjs-org-git-it-git-it-1-2-2-tgz https://registry.npmjs.org/git-it/-/git-it-1.2.2.tgz
26 verbose lock https://registry.npmjs.org/git-it/-/git-it-1.2.2.tgz /home/andrewsm/.npm/cf605511-pmjs-org-git-it-git-it-1-2-2-tgz.lock
27 verbose addRemoteTarball [ 'https://registry.npmjs.org/git-it/-/git-it-1.2.2.tgz',
27 verbose addRemoteTarball   '03c3501dcd99f4858e66213032aa1a406a76b662' ]
28 info retry fetch attempt 1 at 01:51:59
29 verbose fetch to= /home/andrewsm/tmp/npm-12588-dHBXDHus/1402249919095-0.3938367294613272/tmp.tgz
30 http GET https://registry.npmjs.org/git-it/-/git-it-1.2.2.tgz
31 http 200 https://registry.npmjs.org/git-it/-/git-it-1.2.2.tgz
32 verbose tar unpack /home/andrewsm/tmp/npm-12588-dHBXDHus/1402249919095-0.3938367294613272/tmp.tgz
33 silly lockFile 792cd179-19095-0-3938367294613272-package tar:///home/andrewsm/tmp/npm-12588-dHBXDHus/1402249919095-0.3938367294613272/package
34 verbose lock tar:///home/andrewsm/tmp/npm-12588-dHBXDHus/1402249919095-0.3938367294613272/package /home/andrewsm/.npm/792cd179-19095-0-3938367294613272-package.lock
35 silly lockFile 1f71c4d8-19095-0-3938367294613272-tmp-tgz tar:///home/andrewsm/tmp/npm-12588-dHBXDHus/1402249919095-0.3938367294613272/tmp.tgz
36 verbose lock tar:///home/andrewsm/tmp/npm-12588-dHBXDHus/1402249919095-0.3938367294613272/tmp.tgz /home/andrewsm/.npm/1f71c4d8-19095-0-3938367294613272-tmp-tgz.lock
37 silly gunzTarPerm modes [ '755', '644' ]
38 silly gunzTarPerm extractEntry package.json
39 silly gunzTarPerm extractEntry .npmignore
40 silly gunzTarPerm extractEntry README.md
41 silly gunzTarPerm extractEntry LICENSE
42 silly gunzTarPerm extractEntry git-it.js
43 silly gunzTarPerm extractEntry ghcc.png
44 silly gunzTarPerm extractEntry problems/its_a_small_world/setup.js
45 silly gunzTarPerm extractEntry problems/its_a_small_world/solution.js
46 silly gunzTarPerm extractEntry problems/its_a_small_world/verify.js
47 silly gunzTarPerm extractEntry problems/its_a_small_world/problem.txt
48 silly gunzTarPerm extractEntry problems/branches_arent_just_for_birds/setup.js
49 silly gunzTarPerm extractEntry problems/branches_arent_just_for_birds/solution.js
50 silly gunzTarPerm extractEntry problems/branches_arent_just_for_birds/verify.js
51 silly gunzTarPerm extractEntry problems/branches_arent_just_for_birds/problem.txt
52 silly gunzTarPerm extractEntry problems/forks_and_clones/setup.js
53 silly gunzTarPerm extractEntry problems/forks_and_clones/solution.js
54 silly gunzTarPerm extractEntry problems/forks_and_clones/verify.js
55 silly gunzTarPerm extractEntry problems/forks_and_clones/problem.txt
56 silly gunzTarPerm extractEntry problems/get_git/setup.js
57 silly gunzTarPerm extractEntry problems/get_git/solution.js
58 silly gunzTarPerm extractEntry problems/get_git/verify.js
59 silly gunzTarPerm extractEntry problems/get_git/problem.txt
60 silly gunzTarPerm extractEntry problems/githubbin/setup.js
61 silly gunzTarPerm extractEntry problems/githubbin/solution.js
62 silly gunzTarPerm extractEntry problems/githubbin/verify.js
63 silly gunzTarPerm extractEntry problems/githubbin/problem.txt
64 silly gunzTarPerm extractEntry problems/commit_to_it/setup.js
65 silly gunzTarPerm extractEntry problems/commit_to_it/solution.js
66 silly gunzTarPerm extractEntry problems/commit_to_it/verify.js
67 silly gunzTarPerm extractEntry problems/commit_to_it/problem.txt
68 silly gunzTarPerm extractEntry problems/merge_tada/setup.js
69 silly gunzTarPerm extractEntry problems/merge_tada/solution.js
70 silly gunzTarPerm extractEntry problems/merge_tada/verify.js
71 silly gunzTarPerm extractEntry problems/merge_tada/problem.txt
72 silly gunzTarPerm extractEntry problems/pull_never_out_of_date/setup.js
73 silly gunzTarPerm extractEntry problems/pull_never_out_of_date/solution.js
74 silly gunzTarPerm extractEntry problems/pull_never_out_of_date/verify.js
75 silly gunzTarPerm extractEntry problems/pull_never_out_of_date/problem.txt
76 silly gunzTarPerm extractEntry problems/remote_control/setup.js
77 silly gunzTarPerm extractEntry problems/remote_control/solution.js
78 silly gunzTarPerm extractEntry problems/remote_control/verify.js
79 silly gunzTarPerm extractEntry problems/remote_control/problem.txt
80 silly gunzTarPerm extractEntry problems/repository/setup.js
81 silly gunzTarPerm extractEntry problems/repository/solution.js
82 silly gunzTarPerm extractEntry problems/repository/verify.js
83 silly gunzTarPerm extractEntry problems/repository/problem.txt
84 silly gunzTarPerm extractEntry problems/requesting_you_pull_please/setup.js
85 silly gunzTarPerm extractEntry problems/requesting_you_pull_please/solution.js
86 silly gunzTarPerm extractEntry problems/requesting_you_pull_please/verify.js
87 silly gunzTarPerm extractEntry problems/requesting_you_pull_please/problem.txt
88 silly gunzTarPerm extractEntry dev-doc.md
89 silly gunzTarPerm extractEntry help.txt
90 silly gunzTarPerm extractEntry menu.json
91 silly gunzTarPerm extractEntry docu.md
92 silly gunzTarPerm extractEntry git-it-ss.png
93 silly lockFile 792cd179-19095-0-3938367294613272-package tar:///home/andrewsm/tmp/npm-12588-dHBXDHus/1402249919095-0.3938367294613272/package
94 silly lockFile 792cd179-19095-0-3938367294613272-package tar:///home/andrewsm/tmp/npm-12588-dHBXDHus/1402249919095-0.3938367294613272/package
95 silly lockFile 1f71c4d8-19095-0-3938367294613272-tmp-tgz tar:///home/andrewsm/tmp/npm-12588-dHBXDHus/1402249919095-0.3938367294613272/tmp.tgz
96 silly lockFile 1f71c4d8-19095-0-3938367294613272-tmp-tgz tar:///home/andrewsm/tmp/npm-12588-dHBXDHus/1402249919095-0.3938367294613272/tmp.tgz
97 verbose tar pack [ '/home/andrewsm/.npm/git-it/1.2.2/package.tgz',
97 verbose tar pack   '/home/andrewsm/tmp/npm-12588-dHBXDHus/1402249919095-0.3938367294613272/package' ]
98 verbose tarball /home/andrewsm/.npm/git-it/1.2.2/package.tgz
99 verbose folder /home/andrewsm/tmp/npm-12588-dHBXDHus/1402249919095-0.3938367294613272/package
100 silly lockFile 792cd179-19095-0-3938367294613272-package tar:///home/andrewsm/tmp/npm-12588-dHBXDHus/1402249919095-0.3938367294613272/package
101 verbose lock tar:///home/andrewsm/tmp/npm-12588-dHBXDHus/1402249919095-0.3938367294613272/package /home/andrewsm/.npm/792cd179-19095-0-3938367294613272-package.lock
102 silly lockFile f5bb27e1-wsm-npm-git-it-1-2-2-package-tgz tar:///home/andrewsm/.npm/git-it/1.2.2/package.tgz
103 verbose lock tar:///home/andrewsm/.npm/git-it/1.2.2/package.tgz /home/andrewsm/.npm/f5bb27e1-wsm-npm-git-it-1-2-2-package-tgz.lock
104 silly lockFile 792cd179-19095-0-3938367294613272-package tar:///home/andrewsm/tmp/npm-12588-dHBXDHus/1402249919095-0.3938367294613272/package
105 silly lockFile 792cd179-19095-0-3938367294613272-package tar:///home/andrewsm/tmp/npm-12588-dHBXDHus/1402249919095-0.3938367294613272/package
106 silly lockFile f5bb27e1-wsm-npm-git-it-1-2-2-package-tgz tar:///home/andrewsm/.npm/git-it/1.2.2/package.tgz
107 silly lockFile f5bb27e1-wsm-npm-git-it-1-2-2-package-tgz tar:///home/andrewsm/.npm/git-it/1.2.2/package.tgz
108 silly lockFile d6a98ec2-ndrewsm-npm-git-it-1-2-2-package /home/andrewsm/.npm/git-it/1.2.2/package
109 verbose lock /home/andrewsm/.npm/git-it/1.2.2/package /home/andrewsm/.npm/d6a98ec2-ndrewsm-npm-git-it-1-2-2-package.lock
110 silly lockFile d6a98ec2-ndrewsm-npm-git-it-1-2-2-package /home/andrewsm/.npm/git-it/1.2.2/package
111 silly lockFile d6a98ec2-ndrewsm-npm-git-it-1-2-2-package /home/andrewsm/.npm/git-it/1.2.2/package
112 verbose tar unpack /home/andrewsm/.npm/git-it/1.2.2/package.tgz
113 silly lockFile becc31e8-ndrewsm-npm-git-it-1-2-2-package tar:///home/andrewsm/.npm/git-it/1.2.2/package
114 verbose lock tar:///home/andrewsm/.npm/git-it/1.2.2/package /home/andrewsm/.npm/becc31e8-ndrewsm-npm-git-it-1-2-2-package.lock
115 silly lockFile f5bb27e1-wsm-npm-git-it-1-2-2-package-tgz tar:///home/andrewsm/.npm/git-it/1.2.2/package.tgz
116 verbose lock tar:///home/andrewsm/.npm/git-it/1.2.2/package.tgz /home/andrewsm/.npm/f5bb27e1-wsm-npm-git-it-1-2-2-package-tgz.lock
117 silly gunzTarPerm modes [ '755', '644' ]
118 silly gunzTarPerm extractEntry package.json
119 silly gunzTarPerm extractEntry .npmignore
120 silly gunzTarPerm extractEntry README.md
121 silly gunzTarPerm extractEntry LICENSE
122 silly gunzTarPerm extractEntry git-it.js
123 silly gunzTarPerm extractEntry ghcc.png
124 silly gunzTarPerm extractEntry problems/its_a_small_world/setup.js
125 silly gunzTarPerm extractEntry problems/its_a_small_world/solution.js
126 silly gunzTarPerm extractEntry problems/its_a_small_world/verify.js
127 silly gunzTarPerm extractEntry problems/its_a_small_world/problem.txt
128 silly gunzTarPerm extractEntry problems/branches_arent_just_for_birds/setup.js
129 silly gunzTarPerm extractEntry problems/branches_arent_just_for_birds/solution.js
130 silly gunzTarPerm extractEntry problems/branches_arent_just_for_birds/verify.js
131 silly gunzTarPerm extractEntry problems/branches_arent_just_for_birds/problem.txt
132 silly gunzTarPerm extractEntry problems/forks_and_clones/setup.js
133 silly gunzTarPerm extractEntry problems/forks_and_clones/solution.js
134 silly gunzTarPerm extractEntry problems/forks_and_clones/verify.js
135 silly gunzTarPerm extractEntry problems/forks_and_clones/problem.txt
136 silly gunzTarPerm extractEntry problems/get_git/setup.js
137 silly gunzTarPerm extractEntry problems/get_git/solution.js
138 silly gunzTarPerm extractEntry problems/get_git/verify.js
139 silly gunzTarPerm extractEntry problems/get_git/problem.txt
140 silly gunzTarPerm extractEntry problems/githubbin/setup.js
141 silly gunzTarPerm extractEntry problems/githubbin/solution.js
142 silly gunzTarPerm extractEntry problems/githubbin/verify.js
143 silly gunzTarPerm extractEntry problems/githubbin/problem.txt
144 silly gunzTarPerm extractEntry problems/commit_to_it/setup.js
145 silly gunzTarPerm extractEntry problems/commit_to_it/solution.js
146 silly gunzTarPerm extractEntry problems/commit_to_it/verify.js
147 silly gunzTarPerm extractEntry problems/commit_to_it/problem.txt
148 silly gunzTarPerm extractEntry problems/merge_tada/setup.js
149 silly gunzTarPerm extractEntry problems/merge_tada/solution.js
150 silly gunzTarPerm extractEntry problems/merge_tada/verify.js
151 silly gunzTarPerm extractEntry problems/merge_tada/problem.txt
152 silly gunzTarPerm extractEntry problems/pull_never_out_of_date/setup.js
153 silly gunzTarPerm extractEntry problems/pull_never_out_of_date/solution.js
154 silly gunzTarPerm extractEntry problems/pull_never_out_of_date/verify.js
155 silly gunzTarPerm extractEntry problems/pull_never_out_of_date/problem.txt
156 silly gunzTarPerm extractEntry problems/remote_control/setup.js
157 silly gunzTarPerm extractEntry problems/remote_control/solution.js
158 silly gunzTarPerm extractEntry problems/remote_control/verify.js
159 silly gunzTarPerm extractEntry problems/remote_control/problem.txt
160 silly gunzTarPerm extractEntry problems/repository/setup.js
161 silly gunzTarPerm extractEntry problems/repository/solution.js
162 silly gunzTarPerm extractEntry problems/repository/verify.js
163 silly gunzTarPerm extractEntry problems/repository/problem.txt
164 silly gunzTarPerm extractEntry problems/requesting_you_pull_please/setup.js
165 silly gunzTarPerm extractEntry problems/requesting_you_pull_please/solution.js
166 silly gunzTarPerm extractEntry problems/requesting_you_pull_please/verify.js
167 silly gunzTarPerm extractEntry problems/requesting_you_pull_please/problem.txt
168 silly gunzTarPerm extractEntry dev-doc.md
169 silly gunzTarPerm extractEntry help.txt
170 silly gunzTarPerm extractEntry menu.json
171 silly gunzTarPerm extractEntry docu.md
172 silly gunzTarPerm extractEntry git-it-ss.png
173 silly lockFile becc31e8-ndrewsm-npm-git-it-1-2-2-package tar:///home/andrewsm/.npm/git-it/1.2.2/package
174 silly lockFile becc31e8-ndrewsm-npm-git-it-1-2-2-package tar:///home/andrewsm/.npm/git-it/1.2.2/package
175 silly lockFile f5bb27e1-wsm-npm-git-it-1-2-2-package-tgz tar:///home/andrewsm/.npm/git-it/1.2.2/package.tgz
176 silly lockFile f5bb27e1-wsm-npm-git-it-1-2-2-package-tgz tar:///home/andrewsm/.npm/git-it/1.2.2/package.tgz
177 verbose chmod /home/andrewsm/.npm/git-it/1.2.2/package.tgz 644
178 verbose chown /home/andrewsm/.npm/git-it/1.2.2/package.tgz [ 1000, 1000 ]
179 silly lockFile cf605511-pmjs-org-git-it-git-it-1-2-2-tgz https://registry.npmjs.org/git-it/-/git-it-1.2.2.tgz
180 silly lockFile cf605511-pmjs-org-git-it-git-it-1-2-2-tgz https://registry.npmjs.org/git-it/-/git-it-1.2.2.tgz
181 silly lockFile 02fbf099-git-it-1-2-2 git-it@1.2.2
182 silly lockFile 02fbf099-git-it-1-2-2 git-it@1.2.2
183 silly lockFile d6a2e791-git-it-latest git-it@latest
184 silly lockFile d6a2e791-git-it-latest git-it@latest
185 silly resolved [ { name: 'git-it',
185 silly resolved     version: '1.2.2',
185 silly resolved     description: 'Terminal app for learning Git and GitHub',
185 silly resolved     main: 'index.js',
185 silly resolved     bin: { 'git-it': './git-it.js' },
185 silly resolved     scripts: {},
185 silly resolved     repository: { type: 'git', url: 'https://github.com/jlord/git-it.git' },
185 silly resolved     author: { name: 'Jessica Lord' },
185 silly resolved     license: 'BSD-2-Clause',
185 silly resolved     bugs: { url: 'https://github.com/jlord/git-it/issues' },
185 silly resolved     dependencies:
185 silly resolved      { 'concat-stream': '~1.2.1',
185 silly resolved        'github-oauth': '0.0.4',
185 silly resolved        request: '~2.30.0',
185 silly resolved        'workshopper-jlord': '0.0.0' },
185 silly resolved     readme: '# Git-it\n\n![ss](https://raw2.github.com/jlord/git-it/master/git-it-ss.png) \n\nA [workshopper](https://github.com/rvagg/workshopper) module for learning Git and GitHub - Social coding, y\'all. These modules run a little app in your terminal and users work their way through the challenges. See [nodeschool.io](http://nodeschool.io) for more.\n\n**For developer documentation, see [dev-doc.md](#).**\n\n## Hello, future Forkers, Branchers and Pull Requesters! \n\nThis app runs in your Terminal (Mac) or Bash (Windows) and has challenges for learning Git and GitHub. It uses the _real_ terminal (so you\'ll be learning the awesome command line), it uses _real_ Git and GitHub which means when you finish all of the challenges you\'ll have _real_ repositories on your GitHub account and green squares on your [contribution chart](https://github.com/blog/1360-introducing-contributions).\n\n![contributions](https://raw2.github.com/jlord/git-it/master/ghcc.png)\n\n#### What you\'ll need to run this:\n\n_A few development essentials, all are free and/or free and open source._\n\n- **Git**, this is your tracker of changes! If you\'re on Windows, download the free [GitHub for Windows](http://windows.github.com), which includes Git, and use the Git Shell for your terminal. If you\'re on a Mac you can download [GitHub for Mac](http://mac.github.com) (from Preferences, install the command line tool) or standalone [Git](http://git-scm.com/downloads).\n- **Node.js**, this is what this app is written in so you\'ll need this to run it. It\'s an engine for running JavaScript on servers (your computer is a server!) and will live quietly in the background. You can download it [here](http://nodejs.org/download/) (For most, you can just pick the Windows .msi or Mac .pkg option).\n- **Editor**, if you don\'t have one already, you\'ll need a text editor for editing code. A few options: [Sublime Text](http://www.sublimetext.com/2), [Textmate](http://macromates.com/download), [Brackets](http://brackets.io/).\n\n#### Install Git-it\n\nOnce you have the essentials above, install Git-it. \n\n- Open up a terminal window and install Git-it globally on your computer (so that you can run it from anywhere). [NPM](http://www.npmjs.org) delivers Node.js modules (that\'s what this app is) to your computer from the command line, real easy like (it is included when you install Node.js):\n\n```bash\n$ npm install -g git-it\n```\n- Once it\'s done installing components, you can run it:\n- _If you run into trouble with this command it may be due to permissions on your computer, try adding \'sudo\':_ `sudo npm install -g git-it`\n\n```bash\n$ git-it\n```\n- This should load the menu. You\'re ready to go! \n\n#### How it Works\n\n- Use the arrows to select the first challenge and press \'Enter\'. \n- Read the challenge text, do as it says and when you\'re done type `git-it verify` to see if you\'ve completed the challenge correctly.\n- If the challenge components were not completed correctly, Git-it returns some text to help you know what went wrong.\n- For some challenges you\'ll need to open new terminal windows and then run Git-it inside the window you\'ve just opened. Git-it can run from any  (or mutiple) terminal windows and always saves your completed status. You\'ll need to run it from where you\'re doing your Git work, so it\'s OK to move around like that.\n- Scroll up! When the challenge loads, it scrolls to the bottom. Scroll up to the top of the challenge to not miss steps.\n\n**If you have any questions about something, just create a [new issue](https://github.com/jlord/git-it/issues/new).**\n\n#### Tips\n\n**Code snippets** often times look like `$ some code-stuff --here`. The dollar sign identifies the line as one a user would enter into the the command line, but you don\'t actually include it when you type it into terminal. In this case, you\'d actually just type `some code-stuff --here`.\n\n**Variables** are indicated by `<VARIABLENAME>` in code snippets. When you actually use the line of code, replace it, including the <>, with your variable. For instance to make a new folder in terminal the format is, `mkdir <FOLDERNAME>`, so if you wanted to make a folder named \'octocat\', you\'d type: `mkdir octocat`.\n\n**Command line, terminal, bash** all basically mean the same thing: the MS-DOS, Doogie Howser looking screen full of words and numbers. It\'s awesomely powerful. You can do a lot of things from your terminal like delete, rename, copy or create files and folders; run scripts and send things back and forth between servers (like the ones storing things on GitHub.com) and your computer (also a server!).\n\n\n#### Topics Covered in Git-it\n\n- Basic **command line** such as: cd, mkdir\n- Creating a **local repository**\n- Checking **status**, **adding** and **committing** changes\n- Creating **remote repositories** on GitHub.com\n- **Forking** repositories\n- **Connecting local repositories to remote ones** on GitHub.com\n- **Pushing** and **pulling** to sync changes to GitHub.com\n- Creating **branches** for features/changes\n- Adding and working with a **collaborator** (Hi, @reporobot!)\n- Creating a **pull request**\n- **Merging** and **deleting** branches\n',
185 silly resolved     readmeFilename: 'README.md',
185 silly resolved     _id: 'git-it@1.2.2',
185 silly resolved     dist: { shasum: '976dc86d06cb14dd141115579c782746c24456e9' },
185 silly resolved     _from: 'git-it@latest',
185 silly resolved     _resolved: 'https://registry.npmjs.org/git-it/-/git-it-1.2.2.tgz' } ]
186 info install git-it@1.2.2 into /usr/lib
187 info installOne git-it@1.2.2
188 info /usr/lib/node_modules/git-it unbuild
189 verbose tar unpack /home/andrewsm/.npm/git-it/1.2.2/package.tgz
190 silly lockFile 9298ac17-tar-usr-lib-node-modules-git-it tar:///usr/lib/node_modules/git-it
191 verbose lock tar:///usr/lib/node_modules/git-it /home/andrewsm/.npm/9298ac17-tar-usr-lib-node-modules-git-it.lock
192 silly lockFile f5bb27e1-wsm-npm-git-it-1-2-2-package-tgz tar:///home/andrewsm/.npm/git-it/1.2.2/package.tgz
193 verbose lock tar:///home/andrewsm/.npm/git-it/1.2.2/package.tgz /home/andrewsm/.npm/f5bb27e1-wsm-npm-git-it-1-2-2-package-tgz.lock
194 silly gunzTarPerm modes [ '755', '644' ]
195 error Error: EACCES, mkdir '/usr/lib/node_modules/git-it'
195 error  { [Error: EACCES, mkdir '/usr/lib/node_modules/git-it']
195 error   errno: 3,
195 error   code: 'EACCES',
195 error   path: '/usr/lib/node_modules/git-it',
195 error   fstream_type: 'Directory',
195 error   fstream_path: '/usr/lib/node_modules/git-it',
195 error   fstream_class: 'DirWriter',
195 error   fstream_stack:
195 error    [ '/usr/lib/node_modules/fstream/lib/dir-writer.js:36:23',
195 error      '/usr/lib/node_modules/mkdirp/index.js:37:53',
195 error      'Object.oncomplete (fs.js:107:15)' ] }
196 error Please try running this command again as root/Administrator.
197 error System Linux 3.14.5-200.fc20.x86_64
198 error command "node" "/usr/bin/npm" "install" "-g" "git-it@latest"
199 error cwd /home/andrewsm/sketchpad/nodeschool/git-it
200 error node -v v0.10.28
201 error npm -v 1.3.6
202 error path /usr/lib/node_modules/git-it
203 error fstream_path /usr/lib/node_modules/git-it
204 error fstream_type Directory
205 error fstream_class DirWriter
206 error code EACCES
207 error errno 3
208 error stack Error: EACCES, mkdir '/usr/lib/node_modules/git-it'
209 error fstream_stack /usr/lib/node_modules/fstream/lib/dir-writer.js:36:23
209 error fstream_stack /usr/lib/node_modules/mkdirp/index.js:37:53
209 error fstream_stack Object.oncomplete (fs.js:107:15)
210 verbose exit [ 3, true ]
